{"C:\\Users\\Carli\\Downloads\\sustenta_plus\\backend\\src\\config\\database.ts": {"path":"C:\\Users\\Carli\\Downloads\\sustenta_plus\\backend\\src\\config\\database.ts","statementMap":{"0":{"start":{"line":2,"column":0},"end":{"line":2,"column":38}},"1":{"start":{"line":3,"column":0},"end":{"line":3,"column":33}},"2":{"start":{"line":4,"column":0},"end":{"line":4,"column":35}},"3":{"start":{"line":6,"column":16},"end":{"line":6,"column":54}},"4":{"start":{"line":7,"column":16},"end":{"line":7,"column":45}},"5":{"start":{"line":8,"column":16},"end":{"line":8,"column":45}},"6":{"start":{"line":9,"column":16},"end":{"line":9,"column":50}},"7":{"start":{"line":10,"column":19},"end":{"line":10,"column":26}},"8":{"start":{"line":12,"column":18},"end":{"line":21,"column":2}},"9":{"start":{"line":23,"column":0},"end":{"line":23,"column":25}}},"fnMap":{},"branchMap":{"0":{"loc":{"start":{"line":6,"column":16},"end":{"line":6,"column":54}},"type":"binary-expr","locations":[{"start":{"line":6,"column":16},"end":{"line":6,"column":35}},{"start":{"line":6,"column":39},"end":{"line":6,"column":54}}]},"1":{"loc":{"start":{"line":7,"column":16},"end":{"line":7,"column":45}},"type":"binary-expr","locations":[{"start":{"line":7,"column":16},"end":{"line":7,"column":35}},{"start":{"line":7,"column":39},"end":{"line":7,"column":45}}]},"2":{"loc":{"start":{"line":8,"column":16},"end":{"line":8,"column":45}},"type":"binary-expr","locations":[{"start":{"line":8,"column":16},"end":{"line":8,"column":35}},{"start":{"line":8,"column":39},"end":{"line":8,"column":45}}]},"3":{"loc":{"start":{"line":9,"column":16},"end":{"line":9,"column":50}},"type":"binary-expr","locations":[{"start":{"line":9,"column":16},"end":{"line":9,"column":35}},{"start":{"line":9,"column":39},"end":{"line":9,"column":50}}]}},"s":{"0":2,"1":2,"2":2,"3":2,"4":2,"5":2,"6":2,"7":2,"8":2,"9":2},"f":{},"b":{"0":[2,2],"1":[2,2],"2":[2,2],"3":[2,2]}}
,"C:\\Users\\Carli\\Downloads\\sustenta_plus\\backend\\src\\controllers\\AuthController.ts": {"path":"C:\\Users\\Carli\\Downloads\\sustenta_plus\\backend\\src\\controllers\\AuthController.ts","statementMap":{"0":{"start":{"line":2,"column":0},"end":{"line":2,"column":30}},"1":{"start":{"line":3,"column":0},"end":{"line":3,"column":39}},"2":{"start":{"line":4,"column":0},"end":{"line":4,"column":46}},"3":{"start":{"line":6,"column":20},"end":{"line":6,"column":22}},"4":{"start":{"line":17,"column":8},"end":{"line":17,"column":16}},"5":{"start":{"line":19,"column":4},"end":{"line":20,"column":113}},"6":{"start":{"line":20,"column":6},"end":{"line":20,"column":113}},"7":{"start":{"line":22,"column":4},"end":{"line":64,"column":5}},"8":{"start":{"line":23,"column":25},"end":{"line":23,"column":65}},"9":{"start":{"line":25,"column":6},"end":{"line":26,"column":82}},"10":{"start":{"line":26,"column":8},"end":{"line":26,"column":82}},"11":{"start":{"line":28,"column":19},"end":{"line":28,"column":47}},"12":{"start":{"line":30,"column":6},"end":{"line":31,"column":87}},"13":{"start":{"line":31,"column":8},"end":{"line":31,"column":87}},"14":{"start":{"line":33,"column":28},"end":{"line":33,"column":68}},"15":{"start":{"line":35,"column":19},"end":{"line":42,"column":8}},"16":{"start":{"line":44,"column":20},"end":{"line":44,"column":51}},"17":{"start":{"line":46,"column":6},"end":{"line":55,"column":9}},"18":{"start":{"line":58,"column":6},"end":{"line":58,"column":57}},"19":{"start":{"line":59,"column":6},"end":{"line":63,"column":11}},"20":{"start":{"line":68,"column":32},"end":{"line":68,"column":40}},"21":{"start":{"line":70,"column":4},"end":{"line":71,"column":85}},"22":{"start":{"line":71,"column":6},"end":{"line":71,"column":85}},"23":{"start":{"line":73,"column":4},"end":{"line":110,"column":5}},"24":{"start":{"line":74,"column":19},"end":{"line":80,"column":8}},"25":{"start":{"line":82,"column":6},"end":{"line":83,"column":73}},"26":{"start":{"line":83,"column":8},"end":{"line":83,"column":73}},"27":{"start":{"line":85,"column":28},"end":{"line":85,"column":73}},"28":{"start":{"line":86,"column":22},"end":{"line":86,"column":40}},"29":{"start":{"line":88,"column":6},"end":{"line":89,"column":73}},"30":{"start":{"line":89,"column":8},"end":{"line":89,"column":73}},"31":{"start":{"line":91,"column":6},"end":{"line":92,"column":74}},"32":{"start":{"line":92,"column":8},"end":{"line":92,"column":74}},"33":{"start":{"line":94,"column":20},"end":{"line":94,"column":46}},"34":{"start":{"line":96,"column":6},"end":{"line":105,"column":9}},"35":{"start":{"line":108,"column":6},"end":{"line":108,"column":65}},"36":{"start":{"line":109,"column":6},"end":{"line":109,"column":95}},"37":{"start":{"line":114,"column":0},"end":{"line":114,"column":36}}},"fnMap":{"0":{"name":"(anonymous_1)","decl":{"start":{"line":9,"column":2},"end":{"line":9,"column":7}},"loc":{"start":{"line":9,"column":44},"end":{"line":65,"column":3}}},"1":{"name":"(anonymous_2)","decl":{"start":{"line":67,"column":2},"end":{"line":67,"column":7}},"loc":{"start":{"line":67,"column":41},"end":{"line":111,"column":3}}}},"branchMap":{"0":{"loc":{"start":{"line":19,"column":4},"end":{"line":20,"column":113}},"type":"if","locations":[{"start":{"line":19,"column":4},"end":{"line":20,"column":113}},{"start":{},"end":{}}]},"1":{"loc":{"start":{"line":19,"column":8},"end":{"line":19,"column":56}},"type":"binary-expr","locations":[{"start":{"line":19,"column":8},"end":{"line":19,"column":13}},{"start":{"line":19,"column":17},"end":{"line":19,"column":23}},{"start":{"line":19,"column":27},"end":{"line":19,"column":36}},{"start":{"line":19,"column":40},"end":{"line":19,"column":44}},{"start":{"line":19,"column":48},"end":{"line":19,"column":56}}]},"2":{"loc":{"start":{"line":25,"column":6},"end":{"line":26,"column":82}},"type":"if","locations":[{"start":{"line":25,"column":6},"end":{"line":26,"column":82}},{"start":{},"end":{}}]},"3":{"loc":{"start":{"line":30,"column":6},"end":{"line":31,"column":87}},"type":"if","locations":[{"start":{"line":30,"column":6},"end":{"line":31,"column":87}},{"start":{},"end":{}}]},"4":{"loc":{"start":{"line":30,"column":10},"end":{"line":30,"column":43}},"type":"binary-expr","locations":[{"start":{"line":30,"column":10},"end":{"line":30,"column":15}},{"start":{"line":30,"column":19},"end":{"line":30,"column":43}}]},"5":{"loc":{"start":{"line":70,"column":4},"end":{"line":71,"column":85}},"type":"if","locations":[{"start":{"line":70,"column":4},"end":{"line":71,"column":85}},{"start":{},"end":{}}]},"6":{"loc":{"start":{"line":70,"column":8},"end":{"line":70,"column":27}},"type":"binary-expr","locations":[{"start":{"line":70,"column":8},"end":{"line":70,"column":14}},{"start":{"line":70,"column":18},"end":{"line":70,"column":27}}]},"7":{"loc":{"start":{"line":82,"column":6},"end":{"line":83,"column":73}},"type":"if","locations":[{"start":{"line":82,"column":6},"end":{"line":83,"column":73}},{"start":{},"end":{}}]},"8":{"loc":{"start":{"line":88,"column":6},"end":{"line":89,"column":73}},"type":"if","locations":[{"start":{"line":88,"column":6},"end":{"line":89,"column":73}},{"start":{},"end":{}}]},"9":{"loc":{"start":{"line":91,"column":6},"end":{"line":92,"column":74}},"type":"if","locations":[{"start":{"line":91,"column":6},"end":{"line":92,"column":74}},{"start":{},"end":{}}]},"10":{"loc":{"start":{"line":91,"column":10},"end":{"line":91,"column":43}},"type":"binary-expr","locations":[{"start":{"line":91,"column":10},"end":{"line":91,"column":31}},{"start":{"line":91,"column":35},"end":{"line":91,"column":43}}]}},"s":{"0":2,"1":2,"2":2,"3":2,"4":4,"5":4,"6":1,"7":3,"8":3,"9":3,"10":0,"11":3,"12":3,"13":1,"14":2,"15":2,"16":1,"17":1,"18":1,"19":1,"20":0,"21":0,"22":0,"23":0,"24":0,"25":0,"26":0,"27":0,"28":0,"29":0,"30":0,"31":0,"32":0,"33":0,"34":0,"35":0,"36":0,"37":2},"f":{"0":4,"1":0},"b":{"0":[1,3],"1":[4,4,4,3,3],"2":[0,3],"3":[1,2],"4":[3,3],"5":[0,0],"6":[0,0],"7":[0,0],"8":[0,0],"9":[0,0],"10":[0,0]}}
,"C:\\Users\\Carli\\Downloads\\sustenta_plus\\backend\\src\\middlewares\\AbilityMiddleware.ts": {"path":"C:\\Users\\Carli\\Downloads\\sustenta_plus\\backend\\src\\middlewares\\AbilityMiddleware.ts","statementMap":{"0":{"start":{"line":3,"column":0},"end":{"line":3,"column":48}},"1":{"start":{"line":5,"column":33},"end":{"line":18,"column":1}},"2":{"start":{"line":7,"column":4},"end":{"line":17,"column":6}},"3":{"start":{"line":8,"column":8},"end":{"line":9,"column":78}},"4":{"start":{"line":9,"column":12},"end":{"line":9,"column":78}},"5":{"start":{"line":11,"column":30},"end":{"line":11,"column":75}},"6":{"start":{"line":13,"column":8},"end":{"line":14,"column":108}},"7":{"start":{"line":14,"column":12},"end":{"line":14,"column":108}},"8":{"start":{"line":16,"column":8},"end":{"line":16,"column":22}},"9":{"start":{"line":5,"column":13},"end":{"line":5,"column":33}}},"fnMap":{"0":{"name":"(anonymous_0)","decl":{"start":{"line":5,"column":33},"end":{"line":5,"column":34}},"loc":{"start":{"line":5,"column":61},"end":{"line":18,"column":1}}},"1":{"name":"(anonymous_1)","decl":{"start":{"line":7,"column":11},"end":{"line":7,"column":12}},"loc":{"start":{"line":7,"column":67},"end":{"line":17,"column":5}}}},"branchMap":{"0":{"loc":{"start":{"line":8,"column":8},"end":{"line":9,"column":78}},"type":"if","locations":[{"start":{"line":8,"column":8},"end":{"line":9,"column":78}},{"start":{},"end":{}}]},"1":{"loc":{"start":{"line":8,"column":12},"end":{"line":8,"column":42}},"type":"binary-expr","locations":[{"start":{"line":8,"column":12},"end":{"line":8,"column":21}},{"start":{"line":8,"column":25},"end":{"line":8,"column":42}}]},"2":{"loc":{"start":{"line":13,"column":8},"end":{"line":14,"column":108}},"type":"if","locations":[{"start":{"line":13,"column":8},"end":{"line":14,"column":108}},{"start":{},"end":{}}]}},"s":{"0":2,"1":2,"2":6,"3":0,"4":0,"5":0,"6":0,"7":0,"8":0,"9":2},"f":{"0":6,"1":0},"b":{"0":[0,0],"1":[0,0],"2":[0,0]}}
,"C:\\Users\\Carli\\Downloads\\sustenta_plus\\backend\\src\\middlewares\\AuthMiddleware.ts": {"path":"C:\\Users\\Carli\\Downloads\\sustenta_plus\\backend\\src\\middlewares\\AuthMiddleware.ts","statementMap":{"0":{"start":{"line":2,"column":0},"end":{"line":2,"column":31}},"1":{"start":{"line":4,"column":0},"end":{"line":4,"column":50}},"2":{"start":{"line":6,"column":30},"end":{"line":33,"column":1}},"3":{"start":{"line":7,"column":23},"end":{"line":7,"column":48}},"4":{"start":{"line":9,"column":4},"end":{"line":10,"column":71}},"5":{"start":{"line":10,"column":8},"end":{"line":10,"column":71}},"6":{"start":{"line":12,"column":28},"end":{"line":12,"column":49}},"7":{"start":{"line":14,"column":4},"end":{"line":15,"column":89}},"8":{"start":{"line":15,"column":8},"end":{"line":15,"column":89}},"9":{"start":{"line":17,"column":23},"end":{"line":17,"column":37}},"10":{"start":{"line":19,"column":4},"end":{"line":32,"column":5}},"11":{"start":{"line":20,"column":24},"end":{"line":20,"column":105}},"12":{"start":{"line":22,"column":8},"end":{"line":27,"column":10}},"13":{"start":{"line":29,"column":8},"end":{"line":29,"column":22}},"14":{"start":{"line":31,"column":8},"end":{"line":31,"column":78}},"15":{"start":{"line":6,"column":13},"end":{"line":6,"column":30}}},"fnMap":{"0":{"name":"(anonymous_1)","decl":{"start":{"line":6,"column":30},"end":{"line":6,"column":31}},"loc":{"start":{"line":6,"column":86},"end":{"line":33,"column":1}}}},"branchMap":{"0":{"loc":{"start":{"line":9,"column":4},"end":{"line":10,"column":71}},"type":"if","locations":[{"start":{"line":9,"column":4},"end":{"line":10,"column":71}},{"start":{},"end":{}}]},"1":{"loc":{"start":{"line":14,"column":4},"end":{"line":15,"column":89}},"type":"if","locations":[{"start":{"line":14,"column":4},"end":{"line":15,"column":89}},{"start":{},"end":{}}]},"2":{"loc":{"start":{"line":14,"column":8},"end":{"line":14,"column":37}},"type":"binary-expr","locations":[{"start":{"line":14,"column":8},"end":{"line":14,"column":27}},{"start":{"line":14,"column":31},"end":{"line":14,"column":37}}]}},"s":{"0":2,"1":2,"2":2,"3":0,"4":0,"5":0,"6":0,"7":0,"8":0,"9":0,"10":0,"11":0,"12":0,"13":0,"14":0,"15":2},"f":{"0":0},"b":{"0":[0,0],"1":[0,0],"2":[0,0]}}
,"C:\\Users\\Carli\\Downloads\\sustenta_plus\\backend\\src\\models\\Collection.ts": {"path":"C:\\Users\\Carli\\Downloads\\sustenta_plus\\backend\\src\\models\\Collection.ts","statementMap":{"0":{"start":{"line":1,"column":0},"end":{"line":1,"column":55}},"1":{"start":{"line":2,"column":0},"end":{"line":2,"column":43}},"2":{"start":{"line":3,"column":0},"end":{"line":3,"column":30}},"3":{"start":{"line":4,"column":0},"end":{"line":4,"column":34}},"4":{"start":{"line":5,"column":0},"end":{"line":5,"column":52}},"5":{"start":{"line":6,"column":0},"end":{"line":6,"column":50}},"6":{"start":{"line":39,"column":4},"end":{"line":39,"column":70}},"7":{"start":{"line":40,"column":4},"end":{"line":40,"column":76}},"8":{"start":{"line":41,"column":4},"end":{"line":41,"column":87}},"9":{"start":{"line":42,"column":4},"end":{"line":47,"column":7}},"10":{"start":{"line":22,"column":0},"end":{"line":22,"column":13}},"11":{"start":{"line":51,"column":0},"end":{"line":94,"column":3}},"12":{"start":{"line":96,"column":0},"end":{"line":96,"column":26}}},"fnMap":{"0":{"name":"(anonymous_1)","decl":{"start":{"line":38,"column":2},"end":{"line":38,"column":8}},"loc":{"start":{"line":38,"column":18},"end":{"line":48,"column":3}}}},"branchMap":{},"s":{"0":2,"1":2,"2":2,"3":2,"4":2,"5":2,"6":2,"7":2,"8":2,"9":2,"10":2,"11":2,"12":2},"f":{"0":2},"b":{}}
,"C:\\Users\\Carli\\Downloads\\sustenta_plus\\backend\\src\\models\\CollectionPhoto.ts": {"path":"C:\\Users\\Carli\\Downloads\\sustenta_plus\\backend\\src\\models\\CollectionPhoto.ts","statementMap":{"0":{"start":{"line":1,"column":0},"end":{"line":1,"column":55}},"1":{"start":{"line":2,"column":0},"end":{"line":2,"column":43}},"2":{"start":{"line":3,"column":0},"end":{"line":3,"column":42}},"3":{"start":{"line":22,"column":4},"end":{"line":22,"column":93}},"4":{"start":{"line":14,"column":0},"end":{"line":14,"column":13}},"5":{"start":{"line":26,"column":0},"end":{"line":54,"column":3}},"6":{"start":{"line":56,"column":0},"end":{"line":56,"column":31}}},"fnMap":{"0":{"name":"(anonymous_1)","decl":{"start":{"line":21,"column":2},"end":{"line":21,"column":8}},"loc":{"start":{"line":21,"column":18},"end":{"line":23,"column":3}}}},"branchMap":{},"s":{"0":2,"1":2,"2":2,"3":2,"4":2,"5":2,"6":2},"f":{"0":2},"b":{}}
,"C:\\Users\\Carli\\Downloads\\sustenta_plus\\backend\\src\\models\\Report.ts": {"path":"C:\\Users\\Carli\\Downloads\\sustenta_plus\\backend\\src\\models\\Report.ts","statementMap":{"0":{"start":{"line":1,"column":0},"end":{"line":1,"column":55}},"1":{"start":{"line":2,"column":0},"end":{"line":2,"column":43}},"2":{"start":{"line":3,"column":0},"end":{"line":3,"column":30}},"3":{"start":{"line":4,"column":0},"end":{"line":4,"column":34}},"4":{"start":{"line":5,"column":0},"end":{"line":5,"column":44}},"5":{"start":{"line":41,"column":4},"end":{"line":41,"column":66}},"6":{"start":{"line":42,"column":4},"end":{"line":42,"column":72}},"7":{"start":{"line":43,"column":4},"end":{"line":43,"column":75}},"8":{"start":{"line":23,"column":0},"end":{"line":23,"column":13}},"9":{"start":{"line":47,"column":0},"end":{"line":86,"column":3}},"10":{"start":{"line":88,"column":0},"end":{"line":88,"column":22}}},"fnMap":{"0":{"name":"(anonymous_1)","decl":{"start":{"line":40,"column":2},"end":{"line":40,"column":8}},"loc":{"start":{"line":40,"column":18},"end":{"line":44,"column":3}}}},"branchMap":{},"s":{"0":2,"1":2,"2":2,"3":2,"4":2,"5":2,"6":2,"7":2,"8":2,"9":2,"10":2},"f":{"0":2},"b":{}}
,"C:\\Users\\Carli\\Downloads\\sustenta_plus\\backend\\src\\models\\ReportPhoto.ts": {"path":"C:\\Users\\Carli\\Downloads\\sustenta_plus\\backend\\src\\models\\ReportPhoto.ts","statementMap":{"0":{"start":{"line":1,"column":0},"end":{"line":1,"column":55}},"1":{"start":{"line":2,"column":0},"end":{"line":2,"column":43}},"2":{"start":{"line":3,"column":0},"end":{"line":3,"column":34}},"3":{"start":{"line":22,"column":4},"end":{"line":22,"column":77}},"4":{"start":{"line":14,"column":0},"end":{"line":14,"column":13}},"5":{"start":{"line":26,"column":0},"end":{"line":54,"column":3}},"6":{"start":{"line":56,"column":0},"end":{"line":56,"column":27}}},"fnMap":{"0":{"name":"(anonymous_1)","decl":{"start":{"line":21,"column":2},"end":{"line":21,"column":8}},"loc":{"start":{"line":21,"column":18},"end":{"line":23,"column":3}}}},"branchMap":{},"s":{"0":2,"1":2,"2":2,"3":2,"4":2,"5":2,"6":2},"f":{"0":2},"b":{}}
,"C:\\Users\\Carli\\Downloads\\sustenta_plus\\backend\\src\\models\\Role.ts": {"path":"C:\\Users\\Carli\\Downloads\\sustenta_plus\\backend\\src\\models\\Role.ts","statementMap":{"0":{"start":{"line":1,"column":0},"end":{"line":1,"column":55}},"1":{"start":{"line":2,"column":0},"end":{"line":2,"column":43}},"2":{"start":{"line":3,"column":0},"end":{"line":3,"column":30}},"3":{"start":{"line":23,"column":4},"end":{"line":26,"column":7}},"4":{"start":{"line":15,"column":0},"end":{"line":15,"column":13}},"5":{"start":{"line":30,"column":0},"end":{"line":59,"column":3}},"6":{"start":{"line":42,"column":6},"end":{"line":42,"column":56}},"7":{"start":{"line":61,"column":0},"end":{"line":61,"column":20}}},"fnMap":{"0":{"name":"(anonymous_1)","decl":{"start":{"line":22,"column":2},"end":{"line":22,"column":8}},"loc":{"start":{"line":22,"column":18},"end":{"line":27,"column":3}}},"1":{"name":"(anonymous_2)","decl":{"start":{"line":41,"column":4},"end":{"line":41,"column":7}},"loc":{"start":{"line":41,"column":21},"end":{"line":43,"column":5}}}},"branchMap":{},"s":{"0":2,"1":2,"2":2,"3":2,"4":2,"5":2,"6":3,"7":2},"f":{"0":2,"1":3},"b":{}}
,"C:\\Users\\Carli\\Downloads\\sustenta_plus\\backend\\src\\models\\Status.ts": {"path":"C:\\Users\\Carli\\Downloads\\sustenta_plus\\backend\\src\\models\\Status.ts","statementMap":{"0":{"start":{"line":1,"column":0},"end":{"line":1,"column":55}},"1":{"start":{"line":2,"column":0},"end":{"line":2,"column":43}},"2":{"start":{"line":3,"column":0},"end":{"line":3,"column":34}},"3":{"start":{"line":4,"column":0},"end":{"line":4,"column":42}},"4":{"start":{"line":25,"column":4},"end":{"line":25,"column":71}},"5":{"start":{"line":26,"column":4},"end":{"line":26,"column":79}},"6":{"start":{"line":15,"column":0},"end":{"line":15,"column":13}},"7":{"start":{"line":30,"column":0},"end":{"line":55,"column":3}},"8":{"start":{"line":57,"column":0},"end":{"line":57,"column":22}}},"fnMap":{"0":{"name":"(anonymous_1)","decl":{"start":{"line":24,"column":2},"end":{"line":24,"column":8}},"loc":{"start":{"line":24,"column":18},"end":{"line":27,"column":3}}}},"branchMap":{},"s":{"0":2,"1":2,"2":2,"3":2,"4":2,"5":2,"6":2,"7":2,"8":2},"f":{"0":2},"b":{}}
,"C:\\Users\\Carli\\Downloads\\sustenta_plus\\backend\\src\\models\\User.ts": {"path":"C:\\Users\\Carli\\Downloads\\sustenta_plus\\backend\\src\\models\\User.ts","statementMap":{"0":{"start":{"line":1,"column":0},"end":{"line":1,"column":55}},"1":{"start":{"line":2,"column":0},"end":{"line":2,"column":43}},"2":{"start":{"line":3,"column":0},"end":{"line":3,"column":30}},"3":{"start":{"line":4,"column":0},"end":{"line":4,"column":34}},"4":{"start":{"line":5,"column":0},"end":{"line":5,"column":42}},"5":{"start":{"line":6,"column":0},"end":{"line":6,"column":50}},"6":{"start":{"line":45,"column":4},"end":{"line":45,"column":64}},"7":{"start":{"line":46,"column":4},"end":{"line":46,"column":67}},"8":{"start":{"line":47,"column":4},"end":{"line":47,"column":75}},"9":{"start":{"line":48,"column":4},"end":{"line":53,"column":7}},"10":{"start":{"line":25,"column":0},"end":{"line":25,"column":13}},"11":{"start":{"line":57,"column":0},"end":{"line":105,"column":3}},"12":{"start":{"line":107,"column":0},"end":{"line":107,"column":20}}},"fnMap":{"0":{"name":"(anonymous_1)","decl":{"start":{"line":44,"column":2},"end":{"line":44,"column":8}},"loc":{"start":{"line":44,"column":18},"end":{"line":54,"column":3}}}},"branchMap":{},"s":{"0":2,"1":2,"2":2,"3":2,"4":2,"5":2,"6":2,"7":2,"8":2,"9":2,"10":2,"11":2,"12":2},"f":{"0":2},"b":{}}
,"C:\\Users\\Carli\\Downloads\\sustenta_plus\\backend\\src\\models\\UserCollection.ts": {"path":"C:\\Users\\Carli\\Downloads\\sustenta_plus\\backend\\src\\models\\UserCollection.ts","statementMap":{"0":{"start":{"line":1,"column":0},"end":{"line":1,"column":55}},"1":{"start":{"line":2,"column":0},"end":{"line":2,"column":43}},"2":{"start":{"line":3,"column":0},"end":{"line":3,"column":30}},"3":{"start":{"line":4,"column":0},"end":{"line":4,"column":42}},"4":{"start":{"line":5,"column":0},"end":{"line":5,"column":34}},"5":{"start":{"line":34,"column":4},"end":{"line":34,"column":74}},"6":{"start":{"line":35,"column":4},"end":{"line":35,"column":92}},"7":{"start":{"line":36,"column":4},"end":{"line":36,"column":80}},"8":{"start":{"line":19,"column":0},"end":{"line":19,"column":13}},"9":{"start":{"line":40,"column":0},"end":{"line":75,"column":3}},"10":{"start":{"line":77,"column":0},"end":{"line":77,"column":30}}},"fnMap":{"0":{"name":"(anonymous_1)","decl":{"start":{"line":33,"column":2},"end":{"line":33,"column":8}},"loc":{"start":{"line":33,"column":18},"end":{"line":37,"column":3}}}},"branchMap":{},"s":{"0":2,"1":2,"2":2,"3":2,"4":2,"5":2,"6":2,"7":2,"8":2,"9":2,"10":2},"f":{"0":2},"b":{}}
,"C:\\Users\\Carli\\Downloads\\sustenta_plus\\backend\\src\\models\\index.ts": {"path":"C:\\Users\\Carli\\Downloads\\sustenta_plus\\backend\\src\\models\\index.ts","statementMap":{"0":{"start":{"line":1,"column":0},"end":{"line":1,"column":7}},"1":{"start":{"line":25,"column":2},"end":{"line":1,"column":43}},"2":{"start":{"line":2,"column":0},"end":{"line":2,"column":9}},"3":{"start":{"line":26,"column":2},"end":{"line":2,"column":30}},"4":{"start":{"line":3,"column":0},"end":{"line":3,"column":9}},"5":{"start":{"line":27,"column":2},"end":{"line":3,"column":30}},"6":{"start":{"line":4,"column":0},"end":{"line":4,"column":9}},"7":{"start":{"line":28,"column":2},"end":{"line":4,"column":34}},"8":{"start":{"line":5,"column":0},"end":{"line":5,"column":9}},"9":{"start":{"line":29,"column":2},"end":{"line":5,"column":34}},"10":{"start":{"line":6,"column":0},"end":{"line":6,"column":9}},"11":{"start":{"line":30,"column":2},"end":{"line":6,"column":44}},"12":{"start":{"line":7,"column":0},"end":{"line":7,"column":9}},"13":{"start":{"line":31,"column":2},"end":{"line":7,"column":42}},"14":{"start":{"line":8,"column":0},"end":{"line":8,"column":9}},"15":{"start":{"line":32,"column":2},"end":{"line":8,"column":52}},"16":{"start":{"line":9,"column":0},"end":{"line":9,"column":9}},"17":{"start":{"line":33,"column":2},"end":{"line":9,"column":50}},"18":{"start":{"line":11,"column":26},"end":{"line":20,"column":1}},"19":{"start":{"line":12,"column":2},"end":{"line":12,"column":19}},"20":{"start":{"line":13,"column":2},"end":{"line":13,"column":19}},"21":{"start":{"line":14,"column":2},"end":{"line":14,"column":21}},"22":{"start":{"line":15,"column":2},"end":{"line":15,"column":21}},"23":{"start":{"line":16,"column":2},"end":{"line":16,"column":26}},"24":{"start":{"line":17,"column":2},"end":{"line":17,"column":25}},"25":{"start":{"line":18,"column":2},"end":{"line":18,"column":30}},"26":{"start":{"line":19,"column":2},"end":{"line":19,"column":29}},"27":{"start":{"line":22,"column":0},"end":{"line":22,"column":20}}},"fnMap":{"0":{"name":"(anonymous_1)","decl":{"start":{"line":26,"column":2},"end":{"line":26,"column":6}},"loc":{"start":{"line":26,"column":2},"end":{"line":2,"column":30}}},"1":{"name":"(anonymous_2)","decl":{"start":{"line":27,"column":2},"end":{"line":27,"column":6}},"loc":{"start":{"line":27,"column":2},"end":{"line":3,"column":30}}},"2":{"name":"(anonymous_3)","decl":{"start":{"line":28,"column":2},"end":{"line":28,"column":8}},"loc":{"start":{"line":28,"column":2},"end":{"line":4,"column":34}}},"3":{"name":"(anonymous_4)","decl":{"start":{"line":29,"column":2},"end":{"line":29,"column":8}},"loc":{"start":{"line":29,"column":2},"end":{"line":5,"column":34}}},"4":{"name":"(anonymous_5)","decl":{"start":{"line":30,"column":2},"end":{"line":30,"column":13}},"loc":{"start":{"line":30,"column":2},"end":{"line":6,"column":44}}},"5":{"name":"(anonymous_6)","decl":{"start":{"line":31,"column":2},"end":{"line":31,"column":12}},"loc":{"start":{"line":31,"column":2},"end":{"line":7,"column":42}}},"6":{"name":"(anonymous_7)","decl":{"start":{"line":32,"column":2},"end":{"line":32,"column":17}},"loc":{"start":{"line":32,"column":2},"end":{"line":8,"column":52}}},"7":{"name":"(anonymous_8)","decl":{"start":{"line":33,"column":2},"end":{"line":33,"column":16}},"loc":{"start":{"line":33,"column":2},"end":{"line":9,"column":50}}},"8":{"name":"(anonymous_9)","decl":{"start":{"line":11,"column":26},"end":{"line":11,"column":29}},"loc":{"start":{"line":11,"column":31},"end":{"line":20,"column":1}}}},"branchMap":{},"s":{"0":2,"1":2,"2":2,"3":8,"4":2,"5":6,"6":2,"7":2,"8":2,"9":2,"10":2,"11":2,"12":2,"13":2,"14":2,"15":2,"16":2,"17":2,"18":2,"19":2,"20":2,"21":2,"22":2,"23":2,"24":2,"25":2,"26":2,"27":2},"f":{"0":6,"1":4,"2":0,"3":0,"4":0,"5":0,"6":0,"7":0,"8":2},"b":{}}
,"C:\\Users\\Carli\\Downloads\\sustenta_plus\\backend\\src\\tests\\globalSetup.ts": {"path":"C:\\Users\\Carli\\Downloads\\sustenta_plus\\backend\\src\\tests\\globalSetup.ts","statementMap":{"0":{"start":{"line":19,"column":0},"end":{"line":19,"column":7}},"1":{"start":{"line":35,"column":0},"end":{"line":35,"column":7}},"2":{"start":{"line":1,"column":0},"end":{"line":1,"column":50}},"3":{"start":{"line":3,"column":13},"end":{"line":9,"column":2}},"4":{"start":{"line":11,"column":13},"end":{"line":17,"column":2}},"5":{"start":{"line":20,"column":4},"end":{"line":20,"column":42}},"6":{"start":{"line":22,"column":4},"end":{"line":26,"column":7}},"7":{"start":{"line":28,"column":25},"end":{"line":28,"column":78}},"8":{"start":{"line":29,"column":4},"end":{"line":32,"column":7}},"9":{"start":{"line":36,"column":4},"end":{"line":36,"column":28}}},"fnMap":{"0":{"name":"setupTestEnvironment","decl":{"start":{"line":19,"column":22},"end":{"line":19,"column":42}},"loc":{"start":{"line":19,"column":42},"end":{"line":33,"column":1}}},"1":{"name":"teardownTestEnvironment","decl":{"start":{"line":35,"column":22},"end":{"line":35,"column":45}},"loc":{"start":{"line":35,"column":45},"end":{"line":37,"column":1}}}},"branchMap":{},"s":{"0":2,"1":2,"2":2,"3":2,"4":2,"5":2,"6":1,"7":1,"8":1,"9":2},"f":{"0":2,"1":2},"b":{}}
,"C:\\Users\\Carli\\Downloads\\sustenta_plus\\backend\\src\\utils\\functions.ts": {"path":"C:\\Users\\Carli\\Downloads\\sustenta_plus\\backend\\src\\utils\\functions.ts","statementMap":{"0":{"start":{"line":1,"column":0},"end":{"line":1,"column":31}},"1":{"start":{"line":3,"column":28},"end":{"line":11,"column":1}},"2":{"start":{"line":4,"column":23},"end":{"line":4,"column":45}},"3":{"start":{"line":6,"column":4},"end":{"line":8,"column":5}},"4":{"start":{"line":7,"column":8},"end":{"line":7,"column":69}},"5":{"start":{"line":10,"column":4},"end":{"line":10,"column":22}},"6":{"start":{"line":3,"column":13},"end":{"line":3,"column":28}},"7":{"start":{"line":13,"column":24},"end":{"line":17,"column":1}},"8":{"start":{"line":14,"column":23},"end":{"line":14,"column":37}},"9":{"start":{"line":16,"column":4},"end":{"line":16,"column":83}},"10":{"start":{"line":13,"column":13},"end":{"line":13,"column":24}},"11":{"start":{"line":19,"column":26},"end":{"line":21,"column":1}},"12":{"start":{"line":20,"column":4},"end":{"line":20,"column":43}},"13":{"start":{"line":19,"column":13},"end":{"line":19,"column":26}}},"fnMap":{"0":{"name":"(anonymous_1)","decl":{"start":{"line":3,"column":28},"end":{"line":3,"column":31}},"loc":{"start":{"line":3,"column":33},"end":{"line":11,"column":1}}},"1":{"name":"(anonymous_2)","decl":{"start":{"line":13,"column":24},"end":{"line":13,"column":25}},"loc":{"start":{"line":13,"column":64},"end":{"line":17,"column":1}}},"2":{"name":"(anonymous_3)","decl":{"start":{"line":19,"column":26},"end":{"line":19,"column":27}},"loc":{"start":{"line":19,"column":84},"end":{"line":21,"column":1}}}},"branchMap":{"0":{"loc":{"start":{"line":6,"column":4},"end":{"line":8,"column":5}},"type":"if","locations":[{"start":{"line":6,"column":4},"end":{"line":8,"column":5}},{"start":{},"end":{}}]}},"s":{"0":2,"1":2,"2":1,"3":1,"4":0,"5":1,"6":2,"7":2,"8":1,"9":1,"10":2,"11":2,"12":0,"13":2},"f":{"0":1,"1":1,"2":0},"b":{"0":[0,1]}}
}
