TN:
SF:src\config\database.ts
FNF:0
FNH:0
DA:2,2
DA:3,2
DA:4,2
DA:6,2
DA:7,2
DA:8,2
DA:9,2
DA:10,2
DA:12,2
DA:23,2
LF:10
LH:10
BRDA:6,0,0,2
BRDA:6,0,1,2
BRDA:7,1,0,2
BRDA:7,1,1,2
BRDA:8,2,0,2
BRDA:8,2,1,2
BRDA:9,3,0,2
BRDA:9,3,1,2
BRF:8
BRH:8
end_of_record
TN:
SF:src\controllers\AuthController.ts
FN:9,(anonymous_1)
FN:67,(anonymous_2)
FNF:2
FNH:1
FNDA:4,(anonymous_1)
FNDA:0,(anonymous_2)
DA:2,2
DA:3,2
DA:4,2
DA:6,2
DA:17,4
DA:19,4
DA:20,1
DA:22,3
DA:23,3
DA:25,3
DA:26,0
DA:28,3
DA:30,3
DA:31,1
DA:33,2
DA:35,2
DA:44,1
DA:46,1
DA:58,1
DA:59,1
DA:68,0
DA:70,0
DA:71,0
DA:73,0
DA:74,0
DA:82,0
DA:83,0
DA:85,0
DA:86,0
DA:88,0
DA:89,0
DA:91,0
DA:92,0
DA:94,0
DA:96,0
DA:108,0
DA:109,0
DA:114,2
LF:38
LH:20
BRDA:19,0,0,1
BRDA:19,0,1,3
BRDA:19,1,0,4
BRDA:19,1,1,4
BRDA:19,1,2,4
BRDA:19,1,3,3
BRDA:19,1,4,3
BRDA:25,2,0,0
BRDA:25,2,1,3
BRDA:30,3,0,1
BRDA:30,3,1,2
BRDA:30,4,0,3
BRDA:30,4,1,3
BRDA:70,5,0,0
BRDA:70,5,1,0
BRDA:70,6,0,0
BRDA:70,6,1,0
BRDA:82,7,0,0
BRDA:82,7,1,0
BRDA:88,8,0,0
BRDA:88,8,1,0
BRDA:91,9,0,0
BRDA:91,9,1,0
BRDA:91,10,0,0
BRDA:91,10,1,0
BRF:25
BRH:12
end_of_record
TN:
SF:src\middlewares\AbilityMiddleware.ts
FN:5,(anonymous_0)
FN:7,(anonymous_1)
FNF:2
FNH:1
FNDA:6,(anonymous_0)
FNDA:0,(anonymous_1)
DA:3,2
DA:5,2
DA:7,6
DA:8,0
DA:9,0
DA:11,0
DA:13,0
DA:14,0
DA:16,0
LF:9
LH:3
BRDA:8,0,0,0
BRDA:8,0,1,0
BRDA:8,1,0,0
BRDA:8,1,1,0
BRDA:13,2,0,0
BRDA:13,2,1,0
BRF:6
BRH:0
end_of_record
TN:
SF:src\middlewares\AuthMiddleware.ts
FN:6,(anonymous_1)
FNF:1
FNH:0
FNDA:0,(anonymous_1)
DA:2,2
DA:4,2
DA:6,2
DA:7,0
DA:9,0
DA:10,0
DA:12,0
DA:14,0
DA:15,0
DA:17,0
DA:19,0
DA:20,0
DA:22,0
DA:29,0
DA:31,0
LF:15
LH:3
BRDA:9,0,0,0
BRDA:9,0,1,0
BRDA:14,1,0,0
BRDA:14,1,1,0
BRDA:14,2,0,0
BRDA:14,2,1,0
BRF:6
BRH:0
end_of_record
TN:
SF:src\models\Collection.ts
FN:38,(anonymous_1)
FNF:1
FNH:1
FNDA:2,(anonymous_1)
DA:1,2
DA:2,2
DA:3,2
DA:4,2
DA:5,2
DA:6,2
DA:22,2
DA:39,2
DA:40,2
DA:41,2
DA:42,2
DA:51,2
DA:96,2
LF:13
LH:13
BRF:0
BRH:0
end_of_record
TN:
SF:src\models\CollectionPhoto.ts
FN:21,(anonymous_1)
FNF:1
FNH:1
FNDA:2,(anonymous_1)
DA:1,2
DA:2,2
DA:3,2
DA:14,2
DA:22,2
DA:26,2
DA:56,2
LF:7
LH:7
BRF:0
BRH:0
end_of_record
TN:
SF:src\models\Report.ts
FN:40,(anonymous_1)
FNF:1
FNH:1
FNDA:2,(anonymous_1)
DA:1,2
DA:2,2
DA:3,2
DA:4,2
DA:5,2
DA:23,2
DA:41,2
DA:42,2
DA:43,2
DA:47,2
DA:88,2
LF:11
LH:11
BRF:0
BRH:0
end_of_record
TN:
SF:src\models\ReportPhoto.ts
FN:21,(anonymous_1)
FNF:1
FNH:1
FNDA:2,(anonymous_1)
DA:1,2
DA:2,2
DA:3,2
DA:14,2
DA:22,2
DA:26,2
DA:56,2
LF:7
LH:7
BRF:0
BRH:0
end_of_record
TN:
SF:src\models\Role.ts
FN:22,(anonymous_1)
FN:41,(anonymous_2)
FNF:2
FNH:2
FNDA:2,(anonymous_1)
FNDA:3,(anonymous_2)
DA:1,2
DA:2,2
DA:3,2
DA:15,2
DA:23,2
DA:30,2
DA:42,3
DA:61,2
LF:8
LH:8
BRF:0
BRH:0
end_of_record
TN:
SF:src\models\Status.ts
FN:24,(anonymous_1)
FNF:1
FNH:1
FNDA:2,(anonymous_1)
DA:1,2
DA:2,2
DA:3,2
DA:4,2
DA:15,2
DA:25,2
DA:26,2
DA:30,2
DA:57,2
LF:9
LH:9
BRF:0
BRH:0
end_of_record
TN:
SF:src\models\User.ts
FN:44,(anonymous_1)
FNF:1
FNH:1
FNDA:2,(anonymous_1)
DA:1,2
DA:2,2
DA:3,2
DA:4,2
DA:5,2
DA:6,2
DA:25,2
DA:45,2
DA:46,2
DA:47,2
DA:48,2
DA:57,2
DA:107,2
LF:13
LH:13
BRF:0
BRH:0
end_of_record
TN:
SF:src\models\UserCollection.ts
FN:33,(anonymous_1)
FNF:1
FNH:1
FNDA:2,(anonymous_1)
DA:1,2
DA:2,2
DA:3,2
DA:4,2
DA:5,2
DA:19,2
DA:34,2
DA:35,2
DA:36,2
DA:40,2
DA:77,2
LF:11
LH:11
BRF:0
BRH:0
end_of_record
TN:
SF:src\models\index.ts
FN:26,(anonymous_1)
FN:27,(anonymous_2)
FN:28,(anonymous_3)
FN:29,(anonymous_4)
FN:30,(anonymous_5)
FN:31,(anonymous_6)
FN:32,(anonymous_7)
FN:33,(anonymous_8)
FN:11,(anonymous_9)
FNF:9
FNH:3
FNDA:6,(anonymous_1)
FNDA:4,(anonymous_2)
FNDA:0,(anonymous_3)
FNDA:0,(anonymous_4)
FNDA:0,(anonymous_5)
FNDA:0,(anonymous_6)
FNDA:0,(anonymous_7)
FNDA:0,(anonymous_8)
FNDA:2,(anonymous_9)
DA:1,2
DA:2,2
DA:3,2
DA:4,2
DA:5,2
DA:6,2
DA:7,2
DA:8,2
DA:9,2
DA:11,2
DA:12,2
DA:13,2
DA:14,2
DA:15,2
DA:16,2
DA:17,2
DA:18,2
DA:19,2
DA:22,2
DA:25,2
DA:26,8
DA:27,6
DA:28,2
DA:29,2
DA:30,2
DA:31,2
DA:32,2
DA:33,2
LF:28
LH:28
BRF:0
BRH:0
end_of_record
TN:
SF:src\tests\globalSetup.ts
FN:19,setupTestEnvironment
FN:35,teardownTestEnvironment
FNF:2
FNH:2
FNDA:2,setupTestEnvironment
FNDA:2,teardownTestEnvironment
DA:1,2
DA:3,2
DA:11,2
DA:19,2
DA:20,2
DA:22,1
DA:28,1
DA:29,1
DA:35,2
DA:36,2
LF:10
LH:10
BRF:0
BRH:0
end_of_record
TN:
SF:src\utils\functions.ts
FN:3,(anonymous_1)
FN:13,(anonymous_2)
FN:19,(anonymous_3)
FNF:3
FNH:2
FNDA:1,(anonymous_1)
FNDA:1,(anonymous_2)
FNDA:0,(anonymous_3)
DA:1,2
DA:3,2
DA:4,1
DA:6,1
DA:7,0
DA:10,1
DA:13,2
DA:14,1
DA:16,1
DA:19,2
DA:20,0
LF:11
LH:9
BRDA:6,0,0,0
BRDA:6,0,1,1
BRF:2
BRH:1
end_of_record
